Oct 12 2018 18:38:48
{"type":8,"message":"Use of undefined constant HTITLE - assumed 'HTITLE'","file":"\/home\/fleekdemo\/public_html\/louise\/wp-content\/themes\/louisedonegan\/functions.php","line":83}

Oct 12 2018 18:38:50
{"type":8,"message":"Use of undefined constant HTITLE - assumed 'HTITLE'","file":"\/home\/fleekdemo\/public_html\/louise\/wp-content\/themes\/louisedonegan\/functions.php","line":83}

Oct 12 2018 18:38:51
{"type":8,"message":"Use of undefined constant HTITLE - assumed 'HTITLE'","file":"\/home\/fleekdemo\/public_html\/louise\/wp-content\/themes\/louisedonegan\/functions.php","line":83}

Oct 12 2018 18:38:53
{"type":8,"message":"Use of undefined constant HTITLE - assumed 'HTITLE'","file":"\/home\/fleekdemo\/public_html\/louise\/wp-content\/themes\/louisedonegan\/functions.php","line":83}

Oct 12 2018 18:38:54
{"type":8,"message":"Use of undefined constant HTITLE - assumed 'HTITLE'","file":"\/home\/fleekdemo\/public_html\/louise\/wp-content\/themes\/louisedonegan\/functions.php","line":83}

Oct 12 2018 18:39:08
{"type":8,"message":"Use of undefined constant HTITLE - assumed 'HTITLE'","file":"\/home\/fleekdemo\/public_html\/louise\/wp-content\/themes\/louisedonegan\/functions.php","line":83}

Oct 12 2018 18:39:24
{"type":8,"message":"Use of undefined constant HTITLE - assumed 'HTITLE'","file":"\/home\/fleekdemo\/public_html\/louise\/wp-content\/themes\/louisedonegan\/functions.php","line":83}

Oct 12 2018 18:39:30
{"type":8,"message":"Use of undefined constant HTITLE - assumed 'HTITLE'","file":"\/home\/fleekdemo\/public_html\/louise\/wp-content\/themes\/louisedonegan\/functions.php","line":83}

Oct 12 2018 18:39:32
{"type":8,"message":"Use of undefined constant HTITLE - assumed 'HTITLE'","file":"\/home\/fleekdemo\/public_html\/louise\/wp-content\/themes\/louisedonegan\/functions.php","line":83}

Oct 12 2018 18:39:33
{"type":8,"message":"Use of undefined constant HTITLE - assumed 'HTITLE'","file":"\/home\/fleekdemo\/public_html\/louise\/wp-content\/themes\/louisedonegan\/functions.php","line":83}

Oct 12 2018 18:39:34
{"type":8,"message":"Use of undefined constant HTITLE - assumed 'HTITLE'","file":"\/home\/fleekdemo\/public_html\/louise\/wp-content\/themes\/louisedonegan\/functions.php","line":83}

Oct 12 2018 18:39:36
{"type":8,"message":"Use of undefined constant HTITLE - assumed 'HTITLE'","file":"\/home\/fleekdemo\/public_html\/louise\/wp-content\/themes\/louisedonegan\/functions.php","line":83}

Oct 18 2018 10:46:09
{"type":8,"message":"Use of undefined constant HTITLE - assumed 'HTITLE'","file":"\/home\/fleekdemo\/public_html\/louise\/wp-content\/themes\/louisedonegan\/functions.php","line":83}

Oct 18 2018 10:46:10
{"type":8,"message":"Use of undefined constant HTITLE - assumed 'HTITLE'","file":"\/home\/fleekdemo\/public_html\/louise\/wp-content\/themes\/louisedonegan\/functions.php","line":83}

Oct 18 2018 10:46:11
{"type":8,"message":"Use of undefined constant HTITLE - assumed 'HTITLE'","file":"\/home\/fleekdemo\/public_html\/louise\/wp-content\/themes\/louisedonegan\/functions.php","line":83}

Oct 18 2018 10:46:13
{"type":8,"message":"Use of undefined constant HTITLE - assumed 'HTITLE'","file":"\/home\/fleekdemo\/public_html\/louise\/wp-content\/themes\/louisedonegan\/functions.php","line":83}

Oct 18 2018 10:46:14
{"type":8,"message":"Use of undefined constant HTITLE - assumed 'HTITLE'","file":"\/home\/fleekdemo\/public_html\/louise\/wp-content\/themes\/louisedonegan\/functions.php","line":83}

Oct 18 2018 10:46:26
{"type":8,"message":"Use of undefined constant HTITLE - assumed 'HTITLE'","file":"\/home\/fleekdemo\/public_html\/louise\/wp-content\/themes\/louisedonegan\/functions.php","line":83}

Oct 18 2018 10:46:39
{"type":8,"message":"Use of undefined constant HTITLE - assumed 'HTITLE'","file":"\/home\/fleekdemo\/public_html\/louise\/wp-content\/themes\/louisedonegan\/functions.php","line":83}

Oct 18 2018 10:46:43
{"type":8,"message":"Use of undefined constant HTITLE - assumed 'HTITLE'","file":"\/home\/fleekdemo\/public_html\/louise\/wp-content\/themes\/louisedonegan\/functions.php","line":83}

Oct 18 2018 10:46:45
{"type":8,"message":"Use of undefined constant HTITLE - assumed 'HTITLE'","file":"\/home\/fleekdemo\/public_html\/louise\/wp-content\/themes\/louisedonegan\/functions.php","line":83}

Oct 18 2018 10:46:46
{"type":8,"message":"Use of undefined constant HTITLE - assumed 'HTITLE'","file":"\/home\/fleekdemo\/public_html\/louise\/wp-content\/themes\/louisedonegan\/functions.php","line":83}

Oct 18 2018 10:46:47
{"type":8,"message":"Use of undefined constant HTITLE - assumed 'HTITLE'","file":"\/home\/fleekdemo\/public_html\/louise\/wp-content\/themes\/louisedonegan\/functions.php","line":83}

Oct 18 2018 10:46:48
{"type":8,"message":"Use of undefined constant HTITLE - assumed 'HTITLE'","file":"\/home\/fleekdemo\/public_html\/louise\/wp-content\/themes\/louisedonegan\/functions.php","line":83}

Oct 18 2018 10:51:02
{"type":8,"message":"Use of undefined constant HTITLE - assumed 'HTITLE'","file":"\/home\/fleekdemo\/public_html\/louise\/wp-content\/themes\/louisedonegan\/functions.php","line":83}

Oct 18 2018 10:51:04
{"type":8,"message":"Use of undefined constant HTITLE - assumed 'HTITLE'","file":"\/home\/fleekdemo\/public_html\/louise\/wp-content\/themes\/louisedonegan\/functions.php","line":83}

Oct 18 2018 10:51:06
{"type":8,"message":"Use of undefined constant HTITLE - assumed 'HTITLE'","file":"\/home\/fleekdemo\/public_html\/louise\/wp-content\/themes\/louisedonegan\/functions.php","line":83}

Oct 18 2018 10:51:08
{"type":8,"message":"Use of undefined constant HTITLE - assumed 'HTITLE'","file":"\/home\/fleekdemo\/public_html\/louise\/wp-content\/themes\/louisedonegan\/functions.php","line":83}

Oct 18 2018 10:51:09
{"type":8,"message":"Use of undefined constant HTITLE - assumed 'HTITLE'","file":"\/home\/fleekdemo\/public_html\/louise\/wp-content\/themes\/louisedonegan\/functions.php","line":83}

Oct 18 2018 10:51:14
{"type":8,"message":"Use of undefined constant HTITLE - assumed 'HTITLE'","file":"\/home\/fleekdemo\/public_html\/louise\/wp-content\/themes\/louisedonegan\/functions.php","line":83}

Oct 18 2018 10:51:16
{"type":8,"message":"Use of undefined constant HTITLE - assumed 'HTITLE'","file":"\/home\/fleekdemo\/public_html\/louise\/wp-content\/themes\/louisedonegan\/functions.php","line":83}

Oct 18 2018 10:51:17
{"type":8,"message":"Use of undefined constant HTITLE - assumed 'HTITLE'","file":"\/home\/fleekdemo\/public_html\/louise\/wp-content\/themes\/louisedonegan\/functions.php","line":83}

Oct 18 2018 10:51:18
{"type":8,"message":"Use of undefined constant HTITLE - assumed 'HTITLE'","file":"\/home\/fleekdemo\/public_html\/louise\/wp-content\/themes\/louisedonegan\/functions.php","line":83}

Oct 18 2018 10:51:20
{"type":8,"message":"Use of undefined constant HTITLE - assumed 'HTITLE'","file":"\/home\/fleekdemo\/public_html\/louise\/wp-content\/themes\/louisedonegan\/functions.php","line":83}

Jan 15 2025 03:06:05
{"type":8192,"message":"Return type of Ai1wm_Recursive_Newline_Filter::accept() should either be compatible with FilterIterator::accept(): bool, or the #[\\ReturnTypeWillChange] attribute should be used to temporarily suppress the notice","file":"D:\\wamp64\\www\\ikonicRana\\wp-content\\plugins\\all-in-one-wp-migration\\lib\\vendor\\servmask\\filter\\class-ai1wm-recursive-newline-filter.php","line":28}

Jan 15 2025 03:06:05
{"type":8192,"message":"Return type of Ai1wm_Recursive_Newline_Filter::accept() should either be compatible with FilterIterator::accept(): bool, or the #[\\ReturnTypeWillChange] attribute should be used to temporarily suppress the notice","file":"D:\\wamp64\\www\\ikonicRana\\wp-content\\plugins\\all-in-one-wp-migration\\lib\\vendor\\servmask\\filter\\class-ai1wm-recursive-newline-filter.php","line":28}

Jan 15 2025 03:06:05
{"type":8192,"message":"Return type of Ai1wm_Recursive_Newline_Filter::accept() should either be compatible with FilterIterator::accept(): bool, or the #[\\ReturnTypeWillChange] attribute should be used to temporarily suppress the notice","file":"D:\\wamp64\\www\\ikonicRana\\wp-content\\plugins\\all-in-one-wp-migration\\lib\\vendor\\servmask\\filter\\class-ai1wm-recursive-newline-filter.php","line":28}

Jan 15 2025 03:06:10
{"type":8192,"message":"Return type of Ai1wm_Recursive_Newline_Filter::accept() should either be compatible with FilterIterator::accept(): bool, or the #[\\ReturnTypeWillChange] attribute should be used to temporarily suppress the notice","file":"D:\\wamp64\\www\\ikonicRana\\wp-content\\plugins\\all-in-one-wp-migration\\lib\\vendor\\servmask\\filter\\class-ai1wm-recursive-newline-filter.php","line":28}

Jan 15 2025 03:06:10
{"type":8192,"message":"Return type of Ai1wm_Recursive_Newline_Filter::accept() should either be compatible with FilterIterator::accept(): bool, or the #[\\ReturnTypeWillChange] attribute should be used to temporarily suppress the notice","file":"D:\\wamp64\\www\\ikonicRana\\wp-content\\plugins\\all-in-one-wp-migration\\lib\\vendor\\servmask\\filter\\class-ai1wm-recursive-newline-filter.php","line":28}

Jan 15 2025 03:06:20
{"type":8192,"message":"Return type of Ai1wm_Recursive_Newline_Filter::accept() should either be compatible with FilterIterator::accept(): bool, or the #[\\ReturnTypeWillChange] attribute should be used to temporarily suppress the notice","file":"D:\\wamp64\\www\\ikonicRana\\wp-content\\plugins\\all-in-one-wp-migration\\lib\\vendor\\servmask\\filter\\class-ai1wm-recursive-newline-filter.php","line":28}

Jan 15 2025 03:06:25
{"type":8192,"message":"Return type of Ai1wm_Recursive_Newline_Filter::accept() should either be compatible with FilterIterator::accept(): bool, or the #[\\ReturnTypeWillChange] attribute should be used to temporarily suppress the notice","file":"D:\\wamp64\\www\\ikonicRana\\wp-content\\plugins\\all-in-one-wp-migration\\lib\\vendor\\servmask\\filter\\class-ai1wm-recursive-newline-filter.php","line":28}

Jan 15 2025 03:06:25
{"type":8192,"message":"Return type of Ai1wm_Recursive_Newline_Filter::accept() should either be compatible with FilterIterator::accept(): bool, or the #[\\ReturnTypeWillChange] attribute should be used to temporarily suppress the notice","file":"D:\\wamp64\\www\\ikonicRana\\wp-content\\plugins\\all-in-one-wp-migration\\lib\\vendor\\servmask\\filter\\class-ai1wm-recursive-newline-filter.php","line":28}

Jan 15 2025 03:06:26
{"Number":8192,"Message":"rtrim(): Passing null to parameter #1 ($string) of type string is deprecated","File":"D:\\wamp64\\www\\ikonicRana\\wp-includes\\formatting.php","Line":2819}

Jan 15 2025 03:06:26
{"Number":8192,"Message":"rtrim(): Passing null to parameter #1 ($string) of type string is deprecated","File":"D:\\wamp64\\www\\ikonicRana\\wp-includes\\formatting.php","Line":2819}

Jan 15 2025 03:06:26
{"Number":8192,"Message":"rtrim(): Passing null to parameter #1 ($string) of type string is deprecated","File":"D:\\wamp64\\www\\ikonicRana\\wp-includes\\formatting.php","Line":2819}

Jan 15 2025 03:06:26
{"Number":8192,"Message":"rtrim(): Passing null to parameter #1 ($string) of type string is deprecated","File":"D:\\wamp64\\www\\ikonicRana\\wp-includes\\formatting.php","Line":2819}

Jan 15 2025 03:06:26
{"Number":8192,"Message":"rtrim(): Passing null to parameter #1 ($string) of type string is deprecated","File":"D:\\wamp64\\www\\ikonicRana\\wp-includes\\formatting.php","Line":2819}

Jan 15 2025 03:06:26
{"Number":8192,"Message":"rtrim(): Passing null to parameter #1 ($string) of type string is deprecated","File":"D:\\wamp64\\www\\ikonicRana\\wp-includes\\formatting.php","Line":2819}

Jan 15 2025 03:06:26
{"Number":8192,"Message":"rtrim(): Passing null to parameter #1 ($string) of type string is deprecated","File":"D:\\wamp64\\www\\ikonicRana\\wp-includes\\formatting.php","Line":2819}

Jan 15 2025 03:06:26
{"Number":8192,"Message":"rtrim(): Passing null to parameter #1 ($string) of type string is deprecated","File":"D:\\wamp64\\www\\ikonicRana\\wp-includes\\formatting.php","Line":2819}

Jan 15 2025 03:06:26
{"Number":8192,"Message":"rtrim(): Passing null to parameter #1 ($string) of type string is deprecated","File":"D:\\wamp64\\www\\ikonicRana\\wp-includes\\formatting.php","Line":2819}

Jan 15 2025 03:06:26
{"Number":8192,"Message":"rtrim(): Passing null to parameter #1 ($string) of type string is deprecated","File":"D:\\wamp64\\www\\ikonicRana\\wp-includes\\formatting.php","Line":2819}

Jan 15 2025 03:06:26
{"Number":8192,"Message":"rtrim(): Passing null to parameter #1 ($string) of type string is deprecated","File":"D:\\wamp64\\www\\ikonicRana\\wp-includes\\formatting.php","Line":2819}

Jan 15 2025 03:06:26
{"Number":8192,"Message":"rtrim(): Passing null to parameter #1 ($string) of type string is deprecated","File":"D:\\wamp64\\www\\ikonicRana\\wp-includes\\formatting.php","Line":2819}

Jan 15 2025 03:06:26
{"Number":8192,"Message":"rtrim(): Passing null to parameter #1 ($string) of type string is deprecated","File":"D:\\wamp64\\www\\ikonicRana\\wp-includes\\formatting.php","Line":2819}

Jan 15 2025 03:06:26
{"Number":8192,"Message":"rtrim(): Passing null to parameter #1 ($string) of type string is deprecated","File":"D:\\wamp64\\www\\ikonicRana\\wp-includes\\formatting.php","Line":2819}

Jan 15 2025 03:06:26
{"Number":8192,"Message":"rtrim(): Passing null to parameter #1 ($string) of type string is deprecated","File":"D:\\wamp64\\www\\ikonicRana\\wp-includes\\formatting.php","Line":2819}

Jan 15 2025 03:06:26
{"Number":8192,"Message":"rtrim(): Passing null to parameter #1 ($string) of type string is deprecated","File":"D:\\wamp64\\www\\ikonicRana\\wp-includes\\formatting.php","Line":2819}

Jan 15 2025 03:06:26
{"Number":8192,"Message":"rtrim(): Passing null to parameter #1 ($string) of type string is deprecated","File":"D:\\wamp64\\www\\ikonicRana\\wp-includes\\formatting.php","Line":2819}

Jan 15 2025 03:06:26
{"Number":8192,"Message":"rtrim(): Passing null to parameter #1 ($string) of type string is deprecated","File":"D:\\wamp64\\www\\ikonicRana\\wp-includes\\formatting.php","Line":2819}

Jan 15 2025 03:06:26
{"Number":8192,"Message":"rtrim(): Passing null to parameter #1 ($string) of type string is deprecated","File":"D:\\wamp64\\www\\ikonicRana\\wp-includes\\formatting.php","Line":2819}

Jan 15 2025 03:06:26
{"Number":8192,"Message":"rtrim(): Passing null to parameter #1 ($string) of type string is deprecated","File":"D:\\wamp64\\www\\ikonicRana\\wp-includes\\formatting.php","Line":2819}

Jan 15 2025 03:06:26
{"Number":8192,"Message":"rtrim(): Passing null to parameter #1 ($string) of type string is deprecated","File":"D:\\wamp64\\www\\ikonicRana\\wp-includes\\formatting.php","Line":2819}

Jan 15 2025 03:06:26
{"Number":8192,"Message":"rtrim(): Passing null to parameter #1 ($string) of type string is deprecated","File":"D:\\wamp64\\www\\ikonicRana\\wp-includes\\formatting.php","Line":2819}

Jan 15 2025 03:06:26
{"Number":8192,"Message":"rtrim(): Passing null to parameter #1 ($string) of type string is deprecated","File":"D:\\wamp64\\www\\ikonicRana\\wp-includes\\formatting.php","Line":2819}

Jan 15 2025 03:06:26
{"Number":8192,"Message":"rtrim(): Passing null to parameter #1 ($string) of type string is deprecated","File":"D:\\wamp64\\www\\ikonicRana\\wp-includes\\formatting.php","Line":2819}

Jan 15 2025 03:06:26
{"Number":8192,"Message":"rtrim(): Passing null to parameter #1 ($string) of type string is deprecated","File":"D:\\wamp64\\www\\ikonicRana\\wp-includes\\formatting.php","Line":2819}

Jan 15 2025 03:06:26
{"Number":8192,"Message":"rtrim(): Passing null to parameter #1 ($string) of type string is deprecated","File":"D:\\wamp64\\www\\ikonicRana\\wp-includes\\formatting.php","Line":2819}

Jan 15 2025 03:06:26
{"Number":8192,"Message":"rtrim(): Passing null to parameter #1 ($string) of type string is deprecated","File":"D:\\wamp64\\www\\ikonicRana\\wp-includes\\formatting.php","Line":2819}

Jan 15 2025 03:06:26
{"Number":8192,"Message":"rtrim(): Passing null to parameter #1 ($string) of type string is deprecated","File":"D:\\wamp64\\www\\ikonicRana\\wp-includes\\formatting.php","Line":2819}

Jan 15 2025 03:06:26
{"Number":8192,"Message":"rtrim(): Passing null to parameter #1 ($string) of type string is deprecated","File":"D:\\wamp64\\www\\ikonicRana\\wp-includes\\formatting.php","Line":2819}

Jan 15 2025 03:06:26
{"Number":8192,"Message":"rtrim(): Passing null to parameter #1 ($string) of type string is deprecated","File":"D:\\wamp64\\www\\ikonicRana\\wp-includes\\formatting.php","Line":2819}

Jan 15 2025 03:06:26
{"Number":8192,"Message":"Creation of dynamic property Ai1wm_Database_Mysqli::$old_replace_raw_values is deprecated","File":"D:\\wamp64\\www\\ikonicRana\\wp-content\\plugins\\all-in-one-wp-migration\\lib\\vendor\\servmask\\database\\class-ai1wm-database.php","Line":300}

Jan 15 2025 03:06:26
{"Number":8192,"Message":"Creation of dynamic property Ai1wm_Database_Mysqli::$new_replace_raw_values is deprecated","File":"D:\\wamp64\\www\\ikonicRana\\wp-content\\plugins\\all-in-one-wp-migration\\lib\\vendor\\servmask\\database\\class-ai1wm-database.php","Line":321}

Jan 15 2025 03:06:32
{"type":8192,"message":"Return type of Ai1wm_Recursive_Newline_Filter::accept() should either be compatible with FilterIterator::accept(): bool, or the #[\\ReturnTypeWillChange] attribute should be used to temporarily suppress the notice","file":"D:\\wamp64\\www\\ikonicRana\\wp-content\\plugins\\all-in-one-wp-migration\\lib\\vendor\\servmask\\filter\\class-ai1wm-recursive-newline-filter.php","line":28}

Jan 15 2025 03:06:32
{"type":8192,"message":"Return type of Ai1wm_Recursive_Newline_Filter::accept() should either be compatible with FilterIterator::accept(): bool, or the #[\\ReturnTypeWillChange] attribute should be used to temporarily suppress the notice","file":"D:\\wamp64\\www\\ikonicRana\\wp-content\\plugins\\all-in-one-wp-migration\\lib\\vendor\\servmask\\filter\\class-ai1wm-recursive-newline-filter.php","line":28}

Jan 15 2025 03:06:33
{"type":8192,"message":"Return type of Ai1wm_Recursive_Newline_Filter::accept() should either be compatible with FilterIterator::accept(): bool, or the #[\\ReturnTypeWillChange] attribute should be used to temporarily suppress the notice","file":"D:\\wamp64\\www\\ikonicRana\\wp-content\\plugins\\all-in-one-wp-migration\\lib\\vendor\\servmask\\filter\\class-ai1wm-recursive-newline-filter.php","line":28}

Jan 15 2025 15:23:01
{"type":8192,"message":"Return type of Ai1wm_Recursive_Newline_Filter::accept() should either be compatible with FilterIterator::accept(): bool, or the #[\\ReturnTypeWillChange] attribute should be used to temporarily suppress the notice","file":"D:\\wamp64\\www\\ikonicRana\\wp-content\\plugins\\all-in-one-wp-migration\\lib\\vendor\\servmask\\filter\\class-ai1wm-recursive-newline-filter.php","line":28}

Jan 15 2025 15:23:01
{"type":8192,"message":"Return type of Ai1wm_Recursive_Newline_Filter::accept() should either be compatible with FilterIterator::accept(): bool, or the #[\\ReturnTypeWillChange] attribute should be used to temporarily suppress the notice","file":"D:\\wamp64\\www\\ikonicRana\\wp-content\\plugins\\all-in-one-wp-migration\\lib\\vendor\\servmask\\filter\\class-ai1wm-recursive-newline-filter.php","line":28}

Jan 15 2025 15:23:01
{"type":8192,"message":"Return type of Ai1wm_Recursive_Newline_Filter::accept() should either be compatible with FilterIterator::accept(): bool, or the #[\\ReturnTypeWillChange] attribute should be used to temporarily suppress the notice","file":"D:\\wamp64\\www\\ikonicRana\\wp-content\\plugins\\all-in-one-wp-migration\\lib\\vendor\\servmask\\filter\\class-ai1wm-recursive-newline-filter.php","line":28}

Jan 15 2025 15:23:01
{"type":8192,"message":"Return type of Ai1wm_Recursive_Newline_Filter::accept() should either be compatible with FilterIterator::accept(): bool, or the #[\\ReturnTypeWillChange] attribute should be used to temporarily suppress the notice","file":"D:\\wamp64\\www\\ikonicRana\\wp-content\\plugins\\all-in-one-wp-migration\\lib\\vendor\\servmask\\filter\\class-ai1wm-recursive-newline-filter.php","line":28}

Jan 15 2025 15:23:02
{"type":8192,"message":"Return type of Ai1wm_Recursive_Newline_Filter::accept() should either be compatible with FilterIterator::accept(): bool, or the #[\\ReturnTypeWillChange] attribute should be used to temporarily suppress the notice","file":"D:\\wamp64\\www\\ikonicRana\\wp-content\\plugins\\all-in-one-wp-migration\\lib\\vendor\\servmask\\filter\\class-ai1wm-recursive-newline-filter.php","line":28}

Jan 15 2025 15:23:12
{"type":8192,"message":"Return type of Ai1wm_Recursive_Newline_Filter::accept() should either be compatible with FilterIterator::accept(): bool, or the #[\\ReturnTypeWillChange] attribute should be used to temporarily suppress the notice","file":"D:\\wamp64\\www\\ikonicRana\\wp-content\\plugins\\all-in-one-wp-migration\\lib\\vendor\\servmask\\filter\\class-ai1wm-recursive-newline-filter.php","line":28}

Jan 15 2025 15:23:14
{"type":8192,"message":"Return type of Ai1wm_Recursive_Newline_Filter::accept() should either be compatible with FilterIterator::accept(): bool, or the #[\\ReturnTypeWillChange] attribute should be used to temporarily suppress the notice","file":"D:\\wamp64\\www\\ikonicRana\\wp-content\\plugins\\all-in-one-wp-migration\\lib\\vendor\\servmask\\filter\\class-ai1wm-recursive-newline-filter.php","line":28}

Jan 15 2025 15:23:14
{"type":8192,"message":"Return type of Ai1wm_Recursive_Newline_Filter::accept() should either be compatible with FilterIterator::accept(): bool, or the #[\\ReturnTypeWillChange] attribute should be used to temporarily suppress the notice","file":"D:\\wamp64\\www\\ikonicRana\\wp-content\\plugins\\all-in-one-wp-migration\\lib\\vendor\\servmask\\filter\\class-ai1wm-recursive-newline-filter.php","line":28}

Jan 15 2025 15:23:14
{"type":8192,"message":"Return type of Ai1wm_Recursive_Newline_Filter::accept() should either be compatible with FilterIterator::accept(): bool, or the #[\\ReturnTypeWillChange] attribute should be used to temporarily suppress the notice","file":"D:\\wamp64\\www\\ikonicRana\\wp-content\\plugins\\all-in-one-wp-migration\\lib\\vendor\\servmask\\filter\\class-ai1wm-recursive-newline-filter.php","line":28}

Jan 15 2025 15:23:15
{"type":8192,"message":"Return type of Ai1wm_Recursive_Newline_Filter::accept() should either be compatible with FilterIterator::accept(): bool, or the #[\\ReturnTypeWillChange] attribute should be used to temporarily suppress the notice","file":"D:\\wamp64\\www\\ikonicRana\\wp-content\\plugins\\all-in-one-wp-migration\\lib\\vendor\\servmask\\filter\\class-ai1wm-recursive-newline-filter.php","line":28}

Jan 15 2025 15:23:15
{"type":8192,"message":"Return type of Ai1wm_Recursive_Newline_Filter::accept() should either be compatible with FilterIterator::accept(): bool, or the #[\\ReturnTypeWillChange] attribute should be used to temporarily suppress the notice","file":"D:\\wamp64\\www\\ikonicRana\\wp-content\\plugins\\all-in-one-wp-migration\\lib\\vendor\\servmask\\filter\\class-ai1wm-recursive-newline-filter.php","line":28}

